npm verb cli C:\Program Files\nodejs\node.exe C:\Program Files\nodejs\node_modules\npm\bin\npm-cli.js
npm info using npm@9.6.7
npm info using node@v18.17.1
npm verb title npm install
npm verb argv "install" "--legacy-peer-deps" "--loglevel" "verbose"
npm verb logfile logs-max:10 dir:C:\Users\pradeep.shekhawat.em\AppData\Local\npm-cache\_logs\2023-08-25T06_30_52_337Z-
npm verb logfile C:\Users\pradeep.shekhawat.em\AppData\Local\npm-cache\_logs\2023-08-25T06_30_52_337Z-debug-0.log
npm http fetch GET 200 https://registry.yarnpkg.com/cypress 1725ms (cache revalidated)
npm http fetch GET 200 https://registry.yarnpkg.com/cypress-xpath 107ms (cache revalidated)
npm http fetch GET 200 https://registry.yarnpkg.com/@percy%2fcli 1663ms (cache revalidated)
npm http fetch GET 200 https://registry.yarnpkg.com/@percy%2fcypress 278ms (cache revalidated)
npm http fetch GET 200 https://registry.yarnpkg.com/cross-env 118ms (cache revalidated)
npm http fetch GET 200 https://registry.yarnpkg.com/arch 699ms (cache revalidated)
npm http fetch GET 200 https://registry.yarnpkg.com/cross-spawn 715ms (cache revalidated)
npm http fetch GET 200 https://registry.yarnpkg.com/@cypress%2frequest 712ms (cache revalidated)
npm http fetch GET 200 https://registry.yarnpkg.com/blob-util 708ms (cache revalidated)
npm http fetch GET 200 https://registry.yarnpkg.com/cachedir 705ms (cache revalidated)
npm http fetch GET 200 https://registry.yarnpkg.com/@types%2fsizzle 716ms (cache updated)
npm http fetch GET 200 https://registry.yarnpkg.com/buffer 719ms (cache revalidated)
npm http fetch GET 200 https://registry.yarnpkg.com/bluebird 762ms (cache revalidated)
npm http fetch GET 200 https://registry.yarnpkg.com/chalk 803ms (cache revalidated)
npm http fetch GET 200 https://registry.yarnpkg.com/commander 801ms (cache revalidated)
npm http fetch GET 200 https://registry.yarnpkg.com/@cypress%2fxvfb 834ms (cache revalidated)
npm http fetch GET 200 https://registry.yarnpkg.com/cli-table3 826ms (cache revalidated)
npm http fetch GET 200 https://registry.yarnpkg.com/cli-cursor 887ms (cache revalidated)
npm http fetch GET 200 https://registry.yarnpkg.com/eventemitter2 883ms (cache revalidated)
npm http fetch GET 200 https://registry.yarnpkg.com/common-tags 938ms (cache revalidated)
npm http fetch GET 200 https://registry.yarnpkg.com/extract-zip 934ms (cache revalidated)
npm http fetch GET 200 https://registry.yarnpkg.com/debug 1011ms (cache revalidated)
npm http fetch GET 200 https://registry.yarnpkg.com/dayjs 1014ms (cache revalidated)
npm http fetch GET 200 https://registry.yarnpkg.com/figures 1088ms (cache revalidated)
npm http fetch GET 200 https://registry.yarnpkg.com/enquirer 1103ms (cache revalidated)
npm http fetch GET 200 https://registry.yarnpkg.com/is-installed-globally 1118ms (cache revalidated)
npm http fetch GET 200 https://registry.yarnpkg.com/execa 1126ms (cache revalidated)
npm http fetch GET 200 https://registry.yarnpkg.com/@types%2fnode 1154ms (cache updated)
npm http fetch GET 200 https://registry.yarnpkg.com/fs-extra 1166ms (cache revalidated)
npm http fetch GET 200 https://registry.yarnpkg.com/is-ci 1176ms (cache revalidated)
npm http fetch GET 200 https://registry.yarnpkg.com/executable 1198ms (cache revalidated)
npm http fetch GET 200 https://registry.yarnpkg.com/lazy-ass 1190ms (cache revalidated)
npm http fetch GET 200 https://registry.yarnpkg.com/log-symbols 1187ms (cache revalidated)
npm http fetch GET 200 https://registry.yarnpkg.com/getos 1232ms (cache revalidated)
npm http fetch GET 200 https://registry.yarnpkg.com/proxy-from-env 1296ms (cache revalidated)
npm http fetch GET 200 https://registry.yarnpkg.com/pretty-bytes 1301ms (cache revalidated)
npm http fetch GET 200 https://registry.yarnpkg.com/minimist 1303ms (cache revalidated)
npm http fetch GET 200 https://registry.yarnpkg.com/listr2 1322ms (cache revalidated)
npm http fetch GET 200 https://registry.yarnpkg.com/lodash 1335ms (cache updated)
npm http fetch GET 200 https://registry.yarnpkg.com/request-progress 1364ms (cache revalidated)
npm http fetch GET 200 https://registry.yarnpkg.com/tmp 1365ms (cache revalidated)
npm http fetch GET 200 https://registry.yarnpkg.com/ospath 1380ms (cache revalidated)
npm http fetch GET 200 https://registry.yarnpkg.com/untildify 1376ms (cache revalidated)
npm http fetch GET 200 https://registry.yarnpkg.com/semver 1383ms (cache revalidated)
npm http fetch GET 200 https://registry.yarnpkg.com/yauzl 1451ms (cache revalidated)
npm http fetch GET 200 https://registry.yarnpkg.com/supports-color 1489ms (cache revalidated)
npm http fetch GET 200 https://registry.yarnpkg.com/check-more-types 1915ms (cache revalidated)
npm http fetch GET 200 https://registry.yarnpkg.com/@types%2fsinonjs__fake-timers 2013ms (cache updated)
npm http fetch GET 200 https://registry.yarnpkg.com/@percy%2fcli-exec 2227ms (cache revalidated)
npm http fetch GET 200 https://registry.yarnpkg.com/@percy%2fcli-snapshot 2506ms (cache revalidated)
npm http fetch GET 200 https://registry.yarnpkg.com/@percy%2fcli-command 2512ms (cache revalidated)
npm http fetch GET 200 https://registry.yarnpkg.com/@percy%2fcli-build 2908ms (cache revalidated)
npm http fetch GET 200 https://registry.yarnpkg.com/@percy%2fsdk-utils 2940ms (cache revalidated)
npm http fetch GET 200 https://registry.yarnpkg.com/@percy%2fclient 2990ms (cache revalidated)
npm http fetch GET 200 https://registry.yarnpkg.com/@percy%2fcli-upload 2993ms (cache revalidated)
npm http fetch GET 200 https://registry.yarnpkg.com/@percy%2flogger 3044ms (cache revalidated)
npm http fetch GET 200 https://registry.yarnpkg.com/@percy%2fcli-config 3072ms (cache revalidated)
npm http fetch GET 200 https://registry.yarnpkg.com/@percy%2fcli-app 3253ms (cache revalidated)
npm http fetch GET 200 https://registry.yarnpkg.com/which 124ms (cache revalidated)
npm http fetch GET 200 https://registry.yarnpkg.com/image-size 125ms (cache revalidated)
npm http fetch GET 200 https://registry.yarnpkg.com/yaml 133ms (cache revalidated)
npm http fetch GET 200 https://registry.yarnpkg.com/fast-glob 140ms (cache revalidated)
npm http fetch GET 200 https://registry.yarnpkg.com/@percy%2fenv 1740ms (cache revalidated)
npm http fetch GET 200 https://registry.yarnpkg.com/@percy%2fconfig 2518ms (cache revalidated)
npm http fetch GET 200 https://registry.yarnpkg.com/@percy%2fcore 2566ms (cache revalidated)
npm http fetch GET 200 https://registry.yarnpkg.com/micromatch 134ms (cache revalidated)
npm http fetch GET 200 https://registry.yarnpkg.com/cosmiconfig 142ms (cache revalidated)
npm http fetch GET 200 https://registry.yarnpkg.com/ws 141ms (cache revalidated)
npm http fetch GET 200 https://registry.yarnpkg.com/ajv 155ms (cache revalidated)
npm http fetch GET 200 https://registry.yarnpkg.com/content-disposition 155ms (cache revalidated)
npm http fetch GET 200 https://registry.yarnpkg.com/mime-types 154ms (cache revalidated)
npm http fetch GET 200 https://registry.yarnpkg.com/path-to-regexp 154ms (cache revalidated)
npm http fetch GET 200 https://registry.yarnpkg.com/rimraf 155ms (cache revalidated)
npm http fetch GET 200 https://registry.yarnpkg.com/@percy%2fdom 2462ms (cache revalidated)
npm http fetch GET 200 https://registry.yarnpkg.com/shebang-command 111ms (cache revalidated)
npm http fetch GET 200 https://registry.yarnpkg.com/path-key 113ms (cache revalidated)
npm http fetch GET 200 https://registry.yarnpkg.com/isexe 123ms (cache revalidated)
npm http fetch GET 200 https://registry.yarnpkg.com/glob-parent 120ms (cache revalidated)
npm http fetch GET 200 https://registry.yarnpkg.com/merge2 121ms (cache revalidated)
npm http fetch GET 200 https://registry.yarnpkg.com/queue 121ms (cache revalidated)
npm http fetch GET 200 https://registry.yarnpkg.com/@nodelib%2ffs.stat 134ms (cache revalidated)
npm http fetch GET 200 https://registry.yarnpkg.com/@nodelib%2ffs.walk 136ms (cache revalidated)
npm http fetch GET 200 https://registry.yarnpkg.com/uri-js 114ms (cache revalidated)
npm http fetch GET 200 https://registry.yarnpkg.com/json-schema-traverse 115ms (cache revalidated)
npm http fetch GET 200 https://registry.yarnpkg.com/require-from-string 115ms (cache revalidated)
npm http fetch GET 200 https://registry.yarnpkg.com/parse-json 114ms (cache revalidated)
npm http fetch GET 200 https://registry.yarnpkg.com/js-yaml 122ms (cache revalidated)
npm http fetch GET 200 https://registry.yarnpkg.com/fast-deep-equal 126ms (cache revalidated)
npm http fetch GET 200 https://registry.yarnpkg.com/import-fresh 145ms (cache revalidated)
npm http fetch GET 200 https://registry.yarnpkg.com/path-type 189ms (cache revalidated)
npm http fetch GET 200 https://registry.yarnpkg.com/picomatch 109ms (cache revalidated)
npm http fetch GET 200 https://registry.yarnpkg.com/mime-db 110ms (cache revalidated)
npm http fetch GET 200 https://registry.yarnpkg.com/get-stream 115ms (cache revalidated)
npm http fetch GET 200 https://registry.yarnpkg.com/braces 115ms (cache revalidated)
npm http fetch GET 200 https://registry.yarnpkg.com/safe-buffer 119ms (cache revalidated)
npm http fetch GET 200 https://registry.yarnpkg.com/glob 128ms (cache revalidated)
npm http fetch GET 200 https://registry.yarnpkg.com/@types%2fyauzl 173ms (cache updated)
npm http fetch GET 200 https://registry.yarnpkg.com/punycode 119ms (cache revalidated)
npm http fetch GET 200 https://registry.yarnpkg.com/resolve-from 123ms (cache revalidated)
npm http fetch GET 200 https://registry.yarnpkg.com/error-ex 137ms (cache revalidated)
npm http fetch GET 200 https://registry.yarnpkg.com/argparse 141ms (cache revalidated)
npm http fetch GET 200 https://registry.yarnpkg.com/parent-module 146ms (cache revalidated)
npm http fetch GET 200 https://registry.yarnpkg.com/json-parse-even-better-errors 138ms (cache revalidated)
npm http fetch GET 200 https://registry.yarnpkg.com/@babel%2fcode-frame 144ms (cache revalidated)
npm http fetch GET 200 https://registry.yarnpkg.com/lines-and-columns 144ms (cache revalidated)
npm http fetch GET 200 https://registry.yarnpkg.com/shebang-regex 113ms (cache revalidated)
npm http fetch GET 200 https://registry.yarnpkg.com/is-typedarray 513ms (cache revalidated)
npm http fetch GET 200 https://registry.yarnpkg.com/aws-sign2 520ms (cache revalidated)
npm http fetch GET 200 https://registry.yarnpkg.com/combined-stream 518ms (cache revalidated)
npm http fetch GET 200 https://registry.yarnpkg.com/form-data 517ms (cache revalidated)
npm http fetch GET 200 https://registry.yarnpkg.com/isstream 536ms (cache revalidated)
npm http fetch GET 200 https://registry.yarnpkg.com/json-stringify-safe 537ms (cache revalidated)
npm http fetch GET 200 https://registry.yarnpkg.com/uuid 545ms (cache revalidated)
npm http fetch GET 200 https://registry.yarnpkg.com/aws4 560ms (cache revalidated)
npm http fetch GET 200 https://registry.yarnpkg.com/performance-now 554ms (cache revalidated)
npm http fetch GET 200 https://registry.yarnpkg.com/http-signature 557ms (cache revalidated)
npm http fetch GET 200 https://registry.yarnpkg.com/qs 555ms (cache revalidated)
npm http fetch GET 200 https://registry.yarnpkg.com/caseless 564ms (cache revalidated)
npm http fetch GET 200 https://registry.yarnpkg.com/extend 564ms (cache revalidated)
npm http fetch GET 200 https://registry.yarnpkg.com/tunnel-agent 564ms (cache revalidated)
npm http fetch GET 200 https://registry.yarnpkg.com/ieee754 570ms (cache revalidated)
npm http fetch GET 200 https://registry.yarnpkg.com/lodash.once 580ms (cache revalidated)
npm http fetch GET 200 https://registry.yarnpkg.com/string-width 576ms (cache revalidated)
npm http fetch GET 200 https://registry.yarnpkg.com/human-signals 570ms (cache revalidated)
npm http fetch GET 200 https://registry.yarnpkg.com/ansi-colors 574ms (cache revalidated)
npm http fetch GET 200 https://registry.yarnpkg.com/ms 575ms (cache revalidated)
npm http fetch GET 200 https://registry.yarnpkg.com/base64-js 585ms (cache revalidated)
npm http fetch GET 200 https://registry.yarnpkg.com/@colors%2fcolors 580ms (cache revalidated)
npm http fetch GET 200 https://registry.yarnpkg.com/strip-ansi 575ms (cache revalidated)
npm http fetch GET 200 https://registry.yarnpkg.com/tough-cookie 596ms (cache revalidated)
npm http fetch GET 200 https://registry.yarnpkg.com/merge-stream 575ms (cache revalidated)
npm http fetch GET 200 https://registry.yarnpkg.com/restore-cursor 584ms (cache revalidated)
npm http fetch GET 200 https://registry.yarnpkg.com/onetime 578ms (cache revalidated)
npm http fetch GET 200 https://registry.yarnpkg.com/npm-run-path 584ms (cache revalidated)
npm http fetch GET 200 https://registry.yarnpkg.com/escape-string-regexp 586ms (cache revalidated)
npm http fetch GET 200 https://registry.yarnpkg.com/signal-exit 590ms (cache revalidated)
npm http fetch GET 200 https://registry.yarnpkg.com/pify 590ms (cache revalidated)
npm http fetch GET 200 https://registry.yarnpkg.com/at-least-node 589ms (cache revalidated)
npm http fetch GET 200 https://registry.yarnpkg.com/strip-final-newline 602ms (cache revalidated)
npm http fetch GET 200 https://registry.yarnpkg.com/jsonfile 600ms (cache revalidated)
npm http fetch GET 200 https://registry.yarnpkg.com/graceful-fs 602ms (cache revalidated)
npm http fetch GET 200 https://registry.yarnpkg.com/universalify 610ms (cache revalidated)
npm http fetch GET 200 https://registry.yarnpkg.com/ci-info 610ms (cache revalidated)
npm http fetch GET 200 https://registry.yarnpkg.com/async 620ms (cache revalidated)
npm http fetch GET 200 https://registry.yarnpkg.com/cli-truncate 619ms (cache revalidated)
npm http fetch GET 200 https://registry.yarnpkg.com/global-dirs 622ms (cache revalidated)
npm http fetch GET 200 https://registry.yarnpkg.com/wrap-ansi 640ms (cache revalidated)
npm http fetch GET 200 https://registry.yarnpkg.com/log-update 644ms (cache revalidated)
npm http fetch GET 200 https://registry.yarnpkg.com/p-map 647ms (cache revalidated)
npm http fetch GET 200 https://registry.yarnpkg.com/is-path-inside 655ms (cache revalidated)
npm http fetch GET 200 https://registry.yarnpkg.com/colorette 652ms (cache revalidated)
npm http fetch GET 200 https://registry.yarnpkg.com/is-unicode-supported 649ms (cache revalidated)
npm http fetch GET 200 https://registry.yarnpkg.com/through 671ms (cache revalidated)
npm http fetch GET 200 https://registry.yarnpkg.com/lru-cache 669ms (cache revalidated)
npm http fetch GET 200 https://registry.yarnpkg.com/fd-slicer 686ms (cache revalidated)
npm http fetch GET 200 https://registry.yarnpkg.com/buffer-crc32 698ms (cache revalidated)
npm http fetch GET 200 https://registry.yarnpkg.com/throttleit 720ms (cache revalidated)
npm http fetch GET 200 https://registry.yarnpkg.com/has-flag 718ms (cache revalidated)
npm http fetch GET 200 https://registry.yarnpkg.com/is-stream 876ms (cache revalidated)
npm http fetch GET 200 https://registry.yarnpkg.com/rfdc 981ms (cache revalidated)
npm http fetch GET 200 https://registry.yarnpkg.com/forever-agent 1571ms (cache revalidated)
npm http fetch GET 200 https://registry.yarnpkg.com/ansi-styles 1574ms (cache revalidated)
npm http fetch GET 200 https://registry.yarnpkg.com/rxjs 1791ms (cache revalidated)
npm http fetch GET 200 https://registry.yarnpkg.com/delayed-stream 302ms (cache revalidated)
npm http fetch GET 200 https://registry.yarnpkg.com/asynckit 294ms (cache revalidated)
npm http fetch GET 200 https://registry.yarnpkg.com/assert-plus 294ms (cache revalidated)
npm http fetch GET 200 https://registry.yarnpkg.com/jsprim 293ms (cache revalidated)
npm http fetch GET 200 https://registry.yarnpkg.com/sshpk 296ms (cache revalidated)
npm http fetch GET 200 https://registry.yarnpkg.com/url-parse 271ms (cache revalidated)
npm http fetch GET 200 https://registry.yarnpkg.com/side-channel 288ms (cache revalidated)
npm http fetch GET 200 https://registry.yarnpkg.com/psl 284ms (cache revalidated)
npm http fetch GET 200 https://registry.yarnpkg.com/color-convert 131ms (cache revalidated)
npm http fetch GET 200 https://registry.yarnpkg.com/color-name 97ms (cache revalidated)
npm http fetch GET 200 https://registry.yarnpkg.com/is-fullwidth-code-point 118ms (cache revalidated)
npm http fetch GET 200 https://registry.yarnpkg.com/emoji-regex 146ms (cache revalidated)
npm http fetch GET 200 https://registry.yarnpkg.com/ansi-regex 122ms (cache revalidated)
npm http fetch GET 200 https://registry.yarnpkg.com/mimic-fn 116ms (cache revalidated)
npm http fetch GET 200 https://registry.yarnpkg.com/pump 144ms (cache revalidated)
npm http fetch GET 200 https://registry.yarnpkg.com/is-glob 124ms (cache revalidated)
npm http fetch GET 200 https://registry.yarnpkg.com/fastq 129ms (cache revalidated)
npm http fetch GET 200 https://registry.yarnpkg.com/@nodelib%2ffs.scandir 182ms (cache revalidated)
npm http fetch GET 200 https://registry.yarnpkg.com/run-parallel 143ms (cache revalidated)
npm http fetch GET 200 https://registry.yarnpkg.com/reusify 142ms (cache revalidated)
npm http fetch GET 200 https://registry.yarnpkg.com/queue-microtask 108ms (cache revalidated)
npm http fetch GET 200 https://registry.yarnpkg.com/once 121ms (cache revalidated)
npm http fetch GET 200 https://registry.yarnpkg.com/end-of-stream 134ms (cache revalidated)
npm http fetch GET 200 https://registry.yarnpkg.com/is-extglob 168ms (cache revalidated)
npm http fetch GET 200 https://registry.yarnpkg.com/json-schema 150ms (cache revalidated)
npm http fetch GET 200 https://registry.yarnpkg.com/asn1 162ms (cache revalidated)
npm http fetch GET 200 https://registry.yarnpkg.com/dashdash 165ms (cache revalidated)
npm http fetch GET 200 https://registry.yarnpkg.com/verror 176ms (cache revalidated)
npm http fetch GET 200 https://registry.yarnpkg.com/extsprintf 183ms (cache revalidated)
npm http fetch GET 200 https://registry.yarnpkg.com/bcrypt-pbkdf 187ms (cache revalidated)
npm http fetch GET 200 https://registry.yarnpkg.com/jsbn 192ms (cache revalidated)
npm http fetch GET 200 https://registry.yarnpkg.com/getpass 197ms (cache revalidated)
npm http fetch GET 200 https://registry.yarnpkg.com/safer-buffer 201ms (cache revalidated)
npm http fetch GET 200 https://registry.yarnpkg.com/ecc-jsbn 199ms (cache revalidated)
npm http fetch GET 200 https://registry.yarnpkg.com/tweetnacl 208ms (cache revalidated)
npm http fetch GET 200 https://registry.yarnpkg.com/inherits 123ms (cache revalidated)
npm http fetch GET 200 https://registry.yarnpkg.com/callsites 145ms (cache revalidated)
npm http fetch GET 200 https://registry.yarnpkg.com/ini 79ms (cache revalidated)
npm http fetch GET 200 https://registry.yarnpkg.com/core-util-is 129ms (cache revalidated)
npm http fetch GET 200 https://registry.yarnpkg.com/slice-ansi 117ms (cache revalidated)
npm http fetch GET 200 https://registry.yarnpkg.com/slice-ansi 125ms (cache revalidated)
npm http fetch GET 200 https://registry.yarnpkg.com/aggregate-error 129ms (cache revalidated)
npm http fetch GET 200 https://registry.yarnpkg.com/tslib 129ms (cache revalidated)
npm http fetch GET 200 https://registry.yarnpkg.com/ansi-escapes 142ms (cache revalidated)
npm http fetch GET 200 https://registry.yarnpkg.com/astral-regex 169ms (cache revalidated)
npm http fetch GET 200 https://registry.yarnpkg.com/type-fest 183ms (cache revalidated)
npm http fetch GET 200 https://registry.yarnpkg.com/fill-range 129ms (cache revalidated)
npm http fetch GET 200 https://registry.yarnpkg.com/to-regex-range 124ms (cache revalidated)
npm http fetch GET 200 https://registry.yarnpkg.com/is-number 175ms (cache revalidated)
npm http fetch GET 200 https://registry.yarnpkg.com/clean-stack 111ms (cache revalidated)
npm http fetch GET 200 https://registry.yarnpkg.com/indent-string 114ms (cache revalidated)
npm http fetch GET 200 https://registry.yarnpkg.com/@babel%2fhighlight 103ms (cache revalidated)
npm http fetch GET 200 https://registry.yarnpkg.com/is-arrayish 111ms (cache revalidated)
npm http fetch GET 200 https://registry.yarnpkg.com/js-tokens 122ms (cache revalidated)
npm http fetch GET 200 https://registry.yarnpkg.com/@babel%2fhelper-validator-identifier 124ms (cache revalidated)
npm http fetch GET 200 https://registry.yarnpkg.com/wrappy 108ms (cache revalidated)
npm http fetch GET 200 https://registry.yarnpkg.com/call-bind 89ms (cache revalidated)
npm http fetch GET 200 https://registry.yarnpkg.com/object-inspect 102ms (cache revalidated)
npm http fetch GET 200 https://registry.yarnpkg.com/get-intrinsic 438ms (cache revalidated)
npm http fetch GET 200 https://registry.yarnpkg.com/inflight 115ms (cache revalidated)
npm http fetch GET 200 https://registry.yarnpkg.com/fs.realpath 117ms (cache revalidated)
npm http fetch GET 200 https://registry.yarnpkg.com/path-is-absolute 117ms (cache revalidated)
npm http fetch GET 200 https://registry.yarnpkg.com/minimatch 124ms (cache revalidated)
npm http fetch GET 200 https://registry.yarnpkg.com/brace-expansion 100ms (cache revalidated)
npm http fetch GET 200 https://registry.yarnpkg.com/concat-map 96ms (cache revalidated)
npm http fetch GET 200 https://registry.yarnpkg.com/balanced-match 102ms (cache revalidated)
npm http fetch GET 200 https://registry.yarnpkg.com/yallist 104ms (cache revalidated)
npm http fetch GET 200 https://registry.yarnpkg.com/has-proto 115ms (cache revalidated)
npm http fetch GET 200 https://registry.yarnpkg.com/function-bind 119ms (cache revalidated)
npm http fetch GET 200 https://registry.yarnpkg.com/has-symbols 118ms (cache revalidated)
npm http fetch GET 200 https://registry.yarnpkg.com/has 120ms (cache revalidated)
npm http fetch GET 200 https://registry.yarnpkg.com/requires-port 114ms (cache revalidated)
npm http fetch GET 200 https://registry.yarnpkg.com/querystringify 116ms (cache revalidated)
npm http fetch GET 200 https://registry.yarnpkg.com/pend 121ms (cache revalidated)
npm http fetch POST 200 https://registry.yarnpkg.com/-/npm/v1/security/advisories/bulk 5126ms
npm WARN deprecated cypress-xpath@2.0.1: Package no longer supported. Contact Support at https://www.npmjs.com/support for more info.
npm http fetch GET 200 https://registry.yarnpkg.com/@types/node/-/node-14.18.56.tgz 14262ms (cache miss)
npm info run @percy/core@1.26.3 postinstall node_modules/@percy/core node ./post-install
npm info run cypress@11.2.0 postinstall node_modules/cypress node index.js --exec install
npm info run @percy/core@1.26.3 postinstall { code: 0, signal: null }
npm info run cypress@11.2.0 postinstall { code: 0, signal: null }

added 253 packages, and audited 254 packages in 1m

43 packages are looking for funding
  run `npm fund` for details

2 moderate severity vulnerabilities

To address all issues (including breaking changes), run:
  npm audit fix --force

Run `npm audit` for details.
npm verb exit 0
npm info ok 
